{"total": {"lines":{"total":2820,"covered":2291,"skipped":0,"pct":81.24},"statements":{"total":2820,"covered":2291,"skipped":0,"pct":81.24},"functions":{"total":155,"covered":106,"skipped":0,"pct":68.38},"branches":{"total":405,"covered":305,"skipped":0,"pct":75.3},"branchesTrue":{"total":0,"covered":0,"skipped":0,"pct":100}}
,"E:\\Repo\\Xmem\\frontend\\src\\api\\client.ts": {"lines":{"total":40,"covered":38,"skipped":0,"pct":95},"functions":{"total":1,"covered":0,"skipped":0,"pct":0},"statements":{"total":40,"covered":38,"skipped":0,"pct":95},"branches":{"total":4,"covered":2,"skipped":0,"pct":50}}
,"E:\\Repo\\Xmem\\frontend\\src\\components\\AppFooter.vue": {"lines":{"total":8,"covered":8,"skipped":0,"pct":100},"functions":{"total":0,"covered":0,"skipped":0,"pct":100},"statements":{"total":8,"covered":8,"skipped":0,"pct":100},"branches":{"total":0,"covered":0,"skipped":0,"pct":100}}
,"E:\\Repo\\Xmem\\frontend\\src\\components\\Auth.vue": {"lines":{"total":123,"covered":120,"skipped":0,"pct":97.56},"functions":{"total":3,"covered":3,"skipped":0,"pct":100},"statements":{"total":123,"covered":120,"skipped":0,"pct":97.56},"branches":{"total":28,"covered":22,"skipped":0,"pct":78.57}}
,"E:\\Repo\\Xmem\\frontend\\src\\components\\ChangePasswordDialog.vue": {"lines":{"total":105,"covered":95,"skipped":0,"pct":90.47},"functions":{"total":3,"covered":1,"skipped":0,"pct":33.33},"statements":{"total":105,"covered":95,"skipped":0,"pct":90.47},"branches":{"total":16,"covered":15,"skipped":0,"pct":93.75}}
,"E:\\Repo\\Xmem\\frontend\\src\\components\\ConfirmDialog.vue": {"lines":{"total":50,"covered":50,"skipped":0,"pct":100},"functions":{"total":2,"covered":2,"skipped":0,"pct":100},"statements":{"total":50,"covered":50,"skipped":0,"pct":100},"branches":{"total":4,"covered":3,"skipped":0,"pct":75}}
,"E:\\Repo\\Xmem\\frontend\\src\\components\\CustomSelect.vue": {"lines":{"total":69,"covered":69,"skipped":0,"pct":100},"functions":{"total":0,"covered":0,"skipped":0,"pct":100},"statements":{"total":69,"covered":69,"skipped":0,"pct":100},"branches":{"total":0,"covered":0,"skipped":0,"pct":100}}
,"E:\\Repo\\Xmem\\frontend\\src\\components\\FabMenu.vue": {"lines":{"total":67,"covered":67,"skipped":0,"pct":100},"functions":{"total":8,"covered":4,"skipped":0,"pct":50},"statements":{"total":67,"covered":67,"skipped":0,"pct":100},"branches":{"total":19,"covered":19,"skipped":0,"pct":100}}
,"E:\\Repo\\Xmem\\frontend\\src\\components\\LedgerCardContent.vue": {"lines":{"total":53,"covered":53,"skipped":0,"pct":100},"functions":{"total":1,"covered":1,"skipped":0,"pct":100},"statements":{"total":53,"covered":53,"skipped":0,"pct":100},"branches":{"total":12,"covered":4,"skipped":0,"pct":33.33}}
,"E:\\Repo\\Xmem\\frontend\\src\\components\\LedgerEditor.vue": {"lines":{"total":193,"covered":190,"skipped":0,"pct":98.44},"functions":{"total":8,"covered":5,"skipped":0,"pct":62.5},"statements":{"total":193,"covered":190,"skipped":0,"pct":98.44},"branches":{"total":22,"covered":13,"skipped":0,"pct":59.09}}
,"E:\\Repo\\Xmem\\frontend\\src\\components\\LedgerStatsCard.vue": {"lines":{"total":98,"covered":93,"skipped":0,"pct":94.89},"functions":{"total":1,"covered":0,"skipped":0,"pct":0},"statements":{"total":98,"covered":93,"skipped":0,"pct":94.89},"branches":{"total":14,"covered":13,"skipped":0,"pct":92.85}}
,"E:\\Repo\\Xmem\\frontend\\src\\components\\LoadingOverlay.vue": {"lines":{"total":54,"covered":53,"skipped":0,"pct":98.14},"functions":{"total":2,"covered":2,"skipped":0,"pct":100},"statements":{"total":54,"covered":53,"skipped":0,"pct":98.14},"branches":{"total":7,"covered":7,"skipped":0,"pct":100}}
,"E:\\Repo\\Xmem\\frontend\\src\\components\\NoteCardContent.vue": {"lines":{"total":111,"covered":99,"skipped":0,"pct":89.18},"functions":{"total":3,"covered":3,"skipped":0,"pct":100},"statements":{"total":111,"covered":99,"skipped":0,"pct":89.18},"branches":{"total":18,"covered":12,"skipped":0,"pct":66.66}}
,"E:\\Repo\\Xmem\\frontend\\src\\components\\Settings.vue": {"lines":{"total":171,"covered":161,"skipped":0,"pct":94.15},"functions":{"total":12,"covered":10,"skipped":0,"pct":83.33},"statements":{"total":171,"covered":161,"skipped":0,"pct":94.15},"branches":{"total":24,"covered":24,"skipped":0,"pct":100}}
,"E:\\Repo\\Xmem\\frontend\\src\\components\\TabSwitcher.vue": {"lines":{"total":11,"covered":11,"skipped":0,"pct":100},"functions":{"total":1,"covered":1,"skipped":0,"pct":100},"statements":{"total":11,"covered":11,"skipped":0,"pct":100},"branches":{"total":1,"covered":1,"skipped":0,"pct":100}}
,"E:\\Repo\\Xmem\\frontend\\src\\components\\Toast.vue": {"lines":{"total":129,"covered":129,"skipped":0,"pct":100},"functions":{"total":4,"covered":4,"skipped":0,"pct":100},"statements":{"total":129,"covered":129,"skipped":0,"pct":100},"branches":{"total":9,"covered":6,"skipped":0,"pct":66.66}}
,"E:\\Repo\\Xmem\\frontend\\src\\components\\TodoGroup.vue": {"lines":{"total":266,"covered":175,"skipped":0,"pct":65.78},"functions":{"total":16,"covered":12,"skipped":0,"pct":75},"statements":{"total":266,"covered":175,"skipped":0,"pct":65.78},"branches":{"total":33,"covered":21,"skipped":0,"pct":63.63}}
,"E:\\Repo\\Xmem\\frontend\\src\\components\\TodoInput.vue": {"lines":{"total":82,"covered":71,"skipped":0,"pct":86.58},"functions":{"total":3,"covered":2,"skipped":0,"pct":66.66},"statements":{"total":82,"covered":71,"skipped":0,"pct":86.58},"branches":{"total":13,"covered":6,"skipped":0,"pct":46.15}}
,"E:\\Repo\\Xmem\\frontend\\src\\components\\TodoItem.vue": {"lines":{"total":69,"covered":66,"skipped":0,"pct":95.65},"functions":{"total":5,"covered":5,"skipped":0,"pct":100},"statements":{"total":69,"covered":66,"skipped":0,"pct":95.65},"branches":{"total":17,"covered":13,"skipped":0,"pct":76.47}}
,"E:\\Repo\\Xmem\\frontend\\src\\components\\TodoList.vue": {"lines":{"total":117,"covered":107,"skipped":0,"pct":91.45},"functions":{"total":9,"covered":9,"skipped":0,"pct":100},"statements":{"total":117,"covered":107,"skipped":0,"pct":91.45},"branches":{"total":22,"covered":19,"skipped":0,"pct":86.36}}
,"E:\\Repo\\Xmem\\frontend\\src\\directives\\secureDisplay.ts": {"lines":{"total":63,"covered":49,"skipped":0,"pct":77.77},"functions":{"total":4,"covered":4,"skipped":0,"pct":100},"statements":{"total":63,"covered":49,"skipped":0,"pct":77.77},"branches":{"total":8,"covered":7,"skipped":0,"pct":87.5}}
,"E:\\Repo\\Xmem\\frontend\\src\\router\\index.ts": {"lines":{"total":127,"covered":122,"skipped":0,"pct":96.06},"functions":{"total":2,"covered":1,"skipped":0,"pct":50},"statements":{"total":127,"covered":122,"skipped":0,"pct":96.06},"branches":{"total":16,"covered":16,"skipped":0,"pct":100}}
,"E:\\Repo\\Xmem\\frontend\\src\\stores\\confirm.ts": {"lines":{"total":38,"covered":38,"skipped":0,"pct":100},"functions":{"total":4,"covered":4,"skipped":0,"pct":100},"statements":{"total":38,"covered":38,"skipped":0,"pct":100},"branches":{"total":11,"covered":11,"skipped":0,"pct":100}}
,"E:\\Repo\\Xmem\\frontend\\src\\stores\\data.ts": {"lines":{"total":335,"covered":79,"skipped":0,"pct":23.58},"functions":{"total":24,"covered":4,"skipped":0,"pct":16.66},"statements":{"total":335,"covered":79,"skipped":0,"pct":23.58},"branches":{"total":15,"covered":5,"skipped":0,"pct":33.33}}
,"E:\\Repo\\Xmem\\frontend\\src\\stores\\ledgerEditor.ts": {"lines":{"total":17,"covered":17,"skipped":0,"pct":100},"functions":{"total":3,"covered":3,"skipped":0,"pct":100},"statements":{"total":17,"covered":17,"skipped":0,"pct":100},"branches":{"total":3,"covered":3,"skipped":0,"pct":100}}
,"E:\\Repo\\Xmem\\frontend\\src\\stores\\preferences.ts": {"lines":{"total":73,"covered":73,"skipped":0,"pct":100},"functions":{"total":9,"covered":9,"skipped":0,"pct":100},"statements":{"total":73,"covered":73,"skipped":0,"pct":100},"branches":{"total":22,"covered":20,"skipped":0,"pct":90.9}}
,"E:\\Repo\\Xmem\\frontend\\src\\stores\\toast.ts": {"lines":{"total":45,"covered":20,"skipped":0,"pct":44.44},"functions":{"total":8,"covered":2,"skipped":0,"pct":25},"statements":{"total":45,"covered":20,"skipped":0,"pct":44.44},"branches":{"total":3,"covered":3,"skipped":0,"pct":100}}
,"E:\\Repo\\Xmem\\frontend\\src\\stores\\ui.ts": {"lines":{"total":127,"covered":88,"skipped":0,"pct":69.29},"functions":{"total":7,"covered":5,"skipped":0,"pct":71.42},"statements":{"total":127,"covered":88,"skipped":0,"pct":69.29},"branches":{"total":27,"covered":12,"skipped":0,"pct":44.44}}
,"E:\\Repo\\Xmem\\frontend\\src\\stores\\user.ts": {"lines":{"total":55,"covered":40,"skipped":0,"pct":72.72},"functions":{"total":7,"covered":5,"skipped":0,"pct":71.42},"statements":{"total":55,"covered":40,"skipped":0,"pct":72.72},"branches":{"total":6,"covered":5,"skipped":0,"pct":83.33}}
,"E:\\Repo\\Xmem\\frontend\\src\\utils\\crypto.ts": {"lines":{"total":8,"covered":8,"skipped":0,"pct":100},"functions":{"total":1,"covered":1,"skipped":0,"pct":100},"statements":{"total":8,"covered":8,"skipped":0,"pct":100},"branches":{"total":2,"covered":2,"skipped":0,"pct":100}}
,"E:\\Repo\\Xmem\\frontend\\src\\utils\\markdown.ts": {"lines":{"total":13,"covered":13,"skipped":0,"pct":100},"functions":{"total":1,"covered":1,"skipped":0,"pct":100},"statements":{"total":13,"covered":13,"skipped":0,"pct":100},"branches":{"total":1,"covered":1,"skipped":0,"pct":100}}
,"E:\\Repo\\Xmem\\frontend\\src\\utils\\secureDownload.ts": {"lines":{"total":76,"covered":63,"skipped":0,"pct":82.89},"functions":{"total":2,"covered":2,"skipped":0,"pct":100},"statements":{"total":76,"covered":63,"skipped":0,"pct":82.89},"branches":{"total":21,"covered":16,"skipped":0,"pct":76.19}}
,"E:\\Repo\\Xmem\\frontend\\src\\utils\\secureImages.ts": {"lines":{"total":27,"covered":26,"skipped":0,"pct":96.29},"functions":{"total":1,"covered":1,"skipped":0,"pct":100},"statements":{"total":27,"covered":26,"skipped":0,"pct":96.29},"branches":{"total":7,"covered":4,"skipped":0,"pct":57.14}}
}
